<?xml version="1.0" encoding="UTF-8"?>
<!-- Generated by org.testng.reporters.JUnitReportReporter -->
<testsuite skipped="0" hostname="DESKTOP-OCGS32O" name="com.api.ApiTestProject.AppTest" tests="3" failures="0" timestamp="2022-05-18T20:22:21 IST" time="5.274" errors="0">
  <testcase name="getRequest" time="0.391" classname="com.api.ApiTestProject.AppTest"/>
  <system-out/>
  <testcase name="getRequest" time="4.096" classname="com.api.ApiTestProject.AppTest"/>
  <system-out/>
  <testcase name="postRequest" time="0.787" classname="com.api.ApiTestProject.AppTest"/>
  <system-out/>
</testsuite> <!-- com.api.ApiTestProject.AppTest -->
