<?xml version="1.0" encoding="UTF-8"?>
<!-- Generated by org.testng.reporters.JUnitReportReporter -->
<testsuite skipped="0" hostname="DESKTOP-OCGS32O" name="com.api.ApiTestProject.UiTest" tests="3" failures="0" timestamp="2022-06-02T16:54:54 IST" time="90.338" errors="0">
  <testcase name="launchDriver" time="29.723" classname="com.api.ApiTestProject.UiTest"/>
  <system-out/>
  <testcase name="launchDriver2" time="30.247" classname="com.api.ApiTestProject.UiTest"/>
  <system-out/>
  <testcase name="launchDriver3" time="30.368" classname="com.api.ApiTestProject.UiTest"/>
  <system-out/>
</testsuite> <!-- com.api.ApiTestProject.UiTest -->
