<?xml version="1.0" encoding="UTF-8"?>
<!-- Generated by org.testng.reporters.JUnitReportReporter -->
<testsuite skipped="0" hostname="DESKTOP-OCGS32O" name="com.api.ApiTestProject.ApiTest" tests="6" failures="0" timestamp="2022-06-02T16:18:24 IST" time="8.252" errors="0">
  <testcase name="getRequest" time="5.010" classname="com.api.ApiTestProject.ApiTest"/>
  <system-out/>
  <testcase name="getRequest" time="0.363" classname="com.api.ApiTestProject.ApiTest"/>
  <system-out/>
  <testcase name="postRequest" time="0.798" classname="com.api.ApiTestProject.ApiTest"/>
  <system-out/>
  <testcase name="postRequest" time="0.650" classname="com.api.ApiTestProject.ApiTest"/>
  <system-out/>
  <testcase name="postRequest" time="0.756" classname="com.api.ApiTestProject.ApiTest"/>
  <system-out/>
  <testcase name="postRequest" time="0.675" classname="com.api.ApiTestProject.ApiTest"/>
  <system-out/>
</testsuite> <!-- com.api.ApiTestProject.ApiTest -->
