<?xml version="1.0" encoding="UTF-8"?>
<!-- Generated by org.testng.reporters.JUnitReportReporter -->
<testsuite hostname="ashwanis-MacBook-Pro.local" failures="0" tests="3" name="com.api.ApiTestProject.UiTest" time="119.336" errors="0" timestamp="2023-03-07T23:04:40 IST" skipped="0">
  <testcase classname="com.api.ApiTestProject.UiTest" name="launchDriver" time="51.190"/>
  <system-out/>
  <testcase classname="com.api.ApiTestProject.UiTest" name="launchDriver2" time="33.657"/>
  <system-out/>
  <testcase classname="com.api.ApiTestProject.UiTest" name="launchDriver3" time="34.489"/>
  <system-out/>
</testsuite> <!-- com.api.ApiTestProject.UiTest -->
