<?xml version="1.0" encoding="UTF-8"?>
<!-- Generated by org.testng.reporters.JUnitReportReporter -->
<testsuite skipped="0" hostname="DESKTOP-OCGS32O" name="com.api.ApiTestProject.ApiTest" tests="6" failures="0" timestamp="2022-07-11T07:04:10 IST" time="8.046" errors="0">
  <testcase name="getRequest" time="5.158" classname="com.api.ApiTestProject.ApiTest"/>
  <system-out/>
  <testcase name="postRequest" time="0.610" classname="com.api.ApiTestProject.ApiTest"/>
  <system-out/>
  <testcase name="getRequest" time="0.360" classname="com.api.ApiTestProject.ApiTest"/>
  <system-out/>
  <testcase name="postRequest" time="0.689" classname="com.api.ApiTestProject.ApiTest"/>
  <system-out/>
  <testcase name="postRequest" time="0.610" classname="com.api.ApiTestProject.ApiTest"/>
  <system-out/>
  <testcase name="postRequest" time="0.619" classname="com.api.ApiTestProject.ApiTest"/>
  <system-out/>
</testsuite> <!-- com.api.ApiTestProject.ApiTest -->
